<?xml version="1.0" encoding="UTF-8"?>
<robot generator="Robot 3.1.2 (Python 3.8.1 on win32)" generated="20200317 23:13:08.443" rpa="false">
<suite id="s1" name="Infotiv Car Rental" source="C:\Users\boban\PycharmProjects\Labb3\Test\infotiv_car_rental.robot">
<test id="s1-t1" name="Tests for fields and buttons to create new users.">
<kw name="Begin Web Test" library="Keywords" type="setup">
<kw name="Open Browser" library="SeleniumLibrary">
<doc>Opens a new browser instance to the optional ``url``.</doc>
<arguments>
<arg>about:blank ${Browser}</arg>
</arguments>
<msg timestamp="20200317 23:13:08.775" level="INFO">Opening browser 'firefox' to base url 'about:blank Chrome'.</msg>
<msg timestamp="20200317 23:13:08.775" level="INFO">Firefox driver log is always forced to to: C:\Users\boban\PycharmProjects\Labb3\geckodriver-1.log</msg>
<kw name="Capture Page Screenshot" library="SeleniumLibrary">
<doc>Takes a screenshot of the current page and embeds it into a log file.</doc>
<msg timestamp="20200317 23:13:08.775" level="INFO">Cannot capture screenshot because no browser is open.</msg>
<status status="PASS" starttime="20200317 23:13:08.775" endtime="20200317 23:13:08.775"></status>
</kw>
<msg timestamp="20200317 23:13:08.775" level="FAIL">WebDriverException: Message: 'geckodriver' executable needs to be in PATH. 
</msg>
<status status="FAIL" starttime="20200317 23:13:08.775" endtime="20200317 23:13:08.775"></status>
</kw>
<status status="FAIL" starttime="20200317 23:13:08.775" endtime="20200317 23:13:08.775"></status>
</kw>
<kw name="End Web Test" library="Keywords" type="teardown">
<kw name="Close Browser" library="SeleniumLibrary">
<doc>Closes the current browser.</doc>
<status status="PASS" starttime="20200317 23:13:08.791" endtime="20200317 23:13:08.791"></status>
</kw>
<status status="PASS" starttime="20200317 23:13:08.775" endtime="20200317 23:13:08.791"></status>
</kw>
<doc>On the create user page, the user may create a user account
Required fields are, first and last name, phone number, email and password.
A Cancel button and a Create button</doc>
<tags>
<tag>Test 1</tag>
</tags>
<status status="FAIL" starttime="20200317 23:13:08.775" endtime="20200317 23:13:08.791" critical="yes">Setup failed:
WebDriverException: Message: 'geckodriver' executable needs to be in PATH. 
</status>
</test>
<doc>Labb3</doc>
<status status="FAIL" starttime="20200317 23:13:08.443" endtime="20200317 23:13:08.791"></status>
</suite>
<statistics>
<total>
<stat pass="0" fail="1">Critical Tests</stat>
<stat pass="0" fail="1">All Tests</stat>
</total>
<tag>
<stat pass="0" fail="1">Test 1</stat>
</tag>
<suite>
<stat pass="0" fail="1" id="s1" name="Infotiv Car Rental">Infotiv Car Rental</stat>
</suite>
</statistics>
<errors>
</errors>
</robot>
