<?xml version="1.0" encoding="UTF-8"?>
<robot generator="Robot 3.1.2 (Python 3.8.1 on win32)" generated="20200226 08:53:37.567" rpa="false">
<suite id="s1" name="Test" source="C:\Users\boban\PycharmProjects\Labb3\Test">
<suite id="s1-s1" name="Infotiv Car Rental" source="C:\Users\boban\PycharmProjects\Labb3\Test\infotiv_car_rental.robot">
<test id="s1-s1-t1" name="Testar om det finns fält för att skapa ny andvändare">
<kw name="Begin Web Test" type="setup">
<kw name="Open Browser" library="SeleniumLibrary">
<doc>Opens a new browser instance to the optional ``url``.</doc>
<arguments>
<arg>about:blank</arg>
<arg>Chrome</arg>
</arguments>
<msg timestamp="20200226 08:53:37.923" level="INFO">Opening browser 'Chrome' to base url 'about:blank'.</msg>
<status status="PASS" starttime="20200226 08:53:37.923" endtime="20200226 08:53:43.309"></status>
</kw>
<status status="PASS" starttime="20200226 08:53:37.923" endtime="20200226 08:53:43.309"></status>
</kw>
<kw name="Go To Web Page">
<kw name="Load main Page">
<kw name="Go To" library="SeleniumLibrary">
<doc>Navigates the current browser window to the provided ``url``.</doc>
<arguments>
<arg>http://rental18.infotiv.net/webpage/html/gui/index.php</arg>
</arguments>
<msg timestamp="20200226 08:53:43.313" level="INFO">Opening url 'http://rental18.infotiv.net/webpage/html/gui/index.php'</msg>
<status status="PASS" starttime="20200226 08:53:43.312" endtime="20200226 08:53:43.745"></status>
</kw>
<status status="PASS" starttime="20200226 08:53:43.311" endtime="20200226 08:53:43.745"></status>
</kw>
<kw name="Verify Page Loaded">
<kw name="Wait Until Page Contains" library="SeleniumLibrary">
<doc>Waits until ``text`` appears on the current page.</doc>
<arguments>
<arg>Infotiv Car Rental</arg>
</arguments>
<status status="PASS" starttime="20200226 08:53:43.746" endtime="20200226 08:53:43.776"></status>
</kw>
<status status="PASS" starttime="20200226 08:53:43.745" endtime="20200226 08:53:43.777"></status>
</kw>
<status status="PASS" starttime="20200226 08:53:43.310" endtime="20200226 08:53:43.777"></status>
</kw>
<kw name="Go to Createuser">
<kw name="Click Button" library="SeleniumLibrary">
<doc>Clicks the button identified by ``locator``.</doc>
<arguments>
<arg>//*[@id="createUser"]</arg>
</arguments>
<msg timestamp="20200226 08:53:43.779" level="INFO">Clicking button '//*[@id="createUser"]'.</msg>
<status status="PASS" starttime="20200226 08:53:43.778" endtime="20200226 08:53:44.172"></status>
</kw>
<kw name="Verify Search Completed">
<kw name="Wait Until Page Contains" library="SeleniumLibrary">
<doc>Waits until ``text`` appears on the current page.</doc>
<arguments>
<arg>Create a new user</arg>
</arguments>
<status status="PASS" starttime="20200226 08:53:44.174" endtime="20200226 08:53:44.194"></status>
</kw>
<status status="PASS" starttime="20200226 08:53:44.172" endtime="20200226 08:53:44.195"></status>
</kw>
<status status="PASS" starttime="20200226 08:53:43.777" endtime="20200226 08:53:44.195"></status>
</kw>
<kw name="Verify page contains Textfield and button">
<kw name="Page Should Contain Textfield" library="SeleniumLibrary">
<doc>Verifies text field ``locator`` is found from current page.</doc>
<arguments>
<arg>//*[@id="name"]</arg>
<arg>//*[@id="last"]</arg>
<arg>//*[@id="phone"]</arg>
</arguments>
<msg timestamp="20200226 08:53:44.225" level="INFO">Current page contains text field '//*[@id="name"]'.</msg>
<status status="PASS" starttime="20200226 08:53:44.196" endtime="20200226 08:53:44.225"></status>
</kw>
<kw name="Page Should Contain Textfield" library="SeleniumLibrary">
<doc>Verifies text field ``locator`` is found from current page.</doc>
<arguments>
<arg>//*[@id="emailCreate"]</arg>
<arg>//*[@id="passwordCreate"]</arg>
</arguments>
<msg timestamp="20200226 08:53:44.252" level="INFO">Current page contains text field '//*[@id="emailCreate"]'.</msg>
<status status="PASS" starttime="20200226 08:53:44.225" endtime="20200226 08:53:44.252"></status>
</kw>
<kw name="Page Should Contain Button" library="SeleniumLibrary">
<doc>Verifies button ``locator`` is found from current page.</doc>
<arguments>
<arg>//*[@id="createUser"]</arg>
<arg>//*[@id="continue"]</arg>
</arguments>
<msg timestamp="20200226 08:53:44.284" level="INFO">Current page contains button '//*[@id="createUser"]'.</msg>
<status status="PASS" starttime="20200226 08:53:44.252" endtime="20200226 08:53:44.284"></status>
</kw>
<status status="PASS" starttime="20200226 08:53:44.195" endtime="20200226 08:53:44.284"></status>
</kw>
<kw name="End Web Test" type="teardown">
<kw name="Close Browser" library="SeleniumLibrary">
<doc>Closes the current browser.</doc>
<status status="PASS" starttime="20200226 08:53:44.285" endtime="20200226 08:53:46.476"></status>
</kw>
<status status="PASS" starttime="20200226 08:53:44.285" endtime="20200226 08:53:46.476"></status>
</kw>
<doc>kravet är att det finns first och last name phone number och password och att cancel och create button finns</doc>
<tags>
<tag>test 1</tag>
</tags>
<status status="PASS" starttime="20200226 08:53:37.921" endtime="20200226 08:53:46.477" critical="yes"></status>
</test>
<test id="s1-s1-t2" name="Testar om det Canecel knappen funkar">
<kw name="Begin Web Test" type="setup">
<kw name="Open Browser" library="SeleniumLibrary">
<doc>Opens a new browser instance to the optional ``url``.</doc>
<arguments>
<arg>about:blank</arg>
<arg>Chrome</arg>
</arguments>
<msg timestamp="20200226 08:53:46.480" level="INFO">Opening browser 'Chrome' to base url 'about:blank'.</msg>
<status status="PASS" starttime="20200226 08:53:46.480" endtime="20200226 08:53:51.820"></status>
</kw>
<status status="PASS" starttime="20200226 08:53:46.479" endtime="20200226 08:53:51.820"></status>
</kw>
<kw name="Go To Web Page">
<kw name="Load main Page">
<kw name="Go To" library="SeleniumLibrary">
<doc>Navigates the current browser window to the provided ``url``.</doc>
<arguments>
<arg>http://rental18.infotiv.net/webpage/html/gui/index.php</arg>
</arguments>
<msg timestamp="20200226 08:53:51.822" level="INFO">Opening url 'http://rental18.infotiv.net/webpage/html/gui/index.php'</msg>
<status status="PASS" starttime="20200226 08:53:51.822" endtime="20200226 08:53:52.192"></status>
</kw>
<status status="PASS" starttime="20200226 08:53:51.821" endtime="20200226 08:53:52.192"></status>
</kw>
<kw name="Verify Page Loaded">
<kw name="Wait Until Page Contains" library="SeleniumLibrary">
<doc>Waits until ``text`` appears on the current page.</doc>
<arguments>
<arg>Infotiv Car Rental</arg>
</arguments>
<status status="PASS" starttime="20200226 08:53:52.193" endtime="20200226 08:53:52.231"></status>
</kw>
<status status="PASS" starttime="20200226 08:53:52.192" endtime="20200226 08:53:52.232"></status>
</kw>
<status status="PASS" starttime="20200226 08:53:51.821" endtime="20200226 08:53:52.232"></status>
</kw>
<kw name="Go to Createuser">
<kw name="Click Button" library="SeleniumLibrary">
<doc>Clicks the button identified by ``locator``.</doc>
<arguments>
<arg>//*[@id="createUser"]</arg>
</arguments>
<msg timestamp="20200226 08:53:52.233" level="INFO">Clicking button '//*[@id="createUser"]'.</msg>
<status status="PASS" starttime="20200226 08:53:52.233" endtime="20200226 08:53:52.963"></status>
</kw>
<kw name="Verify Search Completed">
<kw name="Wait Until Page Contains" library="SeleniumLibrary">
<doc>Waits until ``text`` appears on the current page.</doc>
<arguments>
<arg>Create a new user</arg>
</arguments>
<status status="PASS" starttime="20200226 08:53:52.964" endtime="20200226 08:53:52.986"></status>
</kw>
<status status="PASS" starttime="20200226 08:53:52.963" endtime="20200226 08:53:52.986"></status>
</kw>
<status status="PASS" starttime="20200226 08:53:52.232" endtime="20200226 08:53:52.986"></status>
</kw>
<kw name="Verify Cancel button goes to date saite">
<kw name="Click Button" library="SeleniumLibrary">
<doc>Clicks the button identified by ``locator``.</doc>
<arguments>
<arg>//*[@id="cancel"]</arg>
</arguments>
<msg timestamp="20200226 08:53:52.987" level="INFO">Clicking button '//*[@id="cancel"]'.</msg>
<status status="PASS" starttime="20200226 08:53:52.987" endtime="20200226 08:53:53.230"></status>
</kw>
<kw name="Location Should Be" library="SeleniumLibrary">
<doc>Verifies that the current URL is exactly ``url``.</doc>
<arguments>
<arg>http://rental18.infotiv.net/webpage/html/gui/index.php</arg>
</arguments>
<msg timestamp="20200226 08:53:53.239" level="INFO">Current location is 'http://rental18.infotiv.net/webpage/html/gui/index.php'.</msg>
<status status="PASS" starttime="20200226 08:53:53.231" endtime="20200226 08:53:53.239"></status>
</kw>
<status status="PASS" starttime="20200226 08:53:52.987" endtime="20200226 08:53:53.239"></status>
</kw>
<kw name="End Web Test" type="teardown">
<kw name="Close Browser" library="SeleniumLibrary">
<doc>Closes the current browser.</doc>
<status status="PASS" starttime="20200226 08:53:53.240" endtime="20200226 08:53:55.430"></status>
</kw>
<status status="PASS" starttime="20200226 08:53:53.240" endtime="20200226 08:53:55.431"></status>
</kw>
<doc>kravet skall Cancel knappen ta mig till välj datum sidan</doc>
<tags>
<tag>test2</tag>
</tags>
<status status="PASS" starttime="20200226 08:53:46.478" endtime="20200226 08:53:55.432" critical="yes"></status>
</test>
<test id="s1-s1-t3" name="Testar om create knappen funkar">
<kw name="Begin Web Test" type="setup">
<kw name="Open Browser" library="SeleniumLibrary">
<doc>Opens a new browser instance to the optional ``url``.</doc>
<arguments>
<arg>about:blank</arg>
<arg>Chrome</arg>
</arguments>
<msg timestamp="20200226 08:53:55.445" level="INFO">Opening browser 'Chrome' to base url 'about:blank'.</msg>
<status status="PASS" starttime="20200226 08:53:55.444" endtime="20200226 08:54:00.764"></status>
</kw>
<status status="PASS" starttime="20200226 08:53:55.443" endtime="20200226 08:54:00.765"></status>
</kw>
<kw name="Go To Web Page">
<kw name="Load main Page">
<kw name="Go To" library="SeleniumLibrary">
<doc>Navigates the current browser window to the provided ``url``.</doc>
<arguments>
<arg>http://rental18.infotiv.net/webpage/html/gui/index.php</arg>
</arguments>
<msg timestamp="20200226 08:54:00.771" level="INFO">Opening url 'http://rental18.infotiv.net/webpage/html/gui/index.php'</msg>
<status status="PASS" starttime="20200226 08:54:00.770" endtime="20200226 08:54:01.244"></status>
</kw>
<status status="PASS" starttime="20200226 08:54:00.767" endtime="20200226 08:54:01.244"></status>
</kw>
<kw name="Verify Page Loaded">
<kw name="Wait Until Page Contains" library="SeleniumLibrary">
<doc>Waits until ``text`` appears on the current page.</doc>
<arguments>
<arg>Infotiv Car Rental</arg>
</arguments>
<status status="PASS" starttime="20200226 08:54:01.244" endtime="20200226 08:54:01.277"></status>
</kw>
<status status="PASS" starttime="20200226 08:54:01.244" endtime="20200226 08:54:01.277"></status>
</kw>
<status status="PASS" starttime="20200226 08:54:00.766" endtime="20200226 08:54:01.277"></status>
</kw>
<kw name="Go to Createuser">
<kw name="Click Button" library="SeleniumLibrary">
<doc>Clicks the button identified by ``locator``.</doc>
<arguments>
<arg>//*[@id="createUser"]</arg>
</arguments>
<msg timestamp="20200226 08:54:01.278" level="INFO">Clicking button '//*[@id="createUser"]'.</msg>
<status status="PASS" starttime="20200226 08:54:01.278" endtime="20200226 08:54:01.643"></status>
</kw>
<kw name="Verify Search Completed">
<kw name="Wait Until Page Contains" library="SeleniumLibrary">
<doc>Waits until ``text`` appears on the current page.</doc>
<arguments>
<arg>Create a new user</arg>
</arguments>
<status status="PASS" starttime="20200226 08:54:01.644" endtime="20200226 08:54:01.666"></status>
</kw>
<status status="PASS" starttime="20200226 08:54:01.643" endtime="20200226 08:54:01.666"></status>
</kw>
<status status="PASS" starttime="20200226 08:54:01.277" endtime="20200226 08:54:01.666"></status>
</kw>
<kw name="Verify Create button tryes to create user with data">
<kw name="Input Text" library="SeleniumLibrary">
<doc>Types the given ``text`` into the text field identified by ``locator``.</doc>
<arguments>
<arg>//*[@id="name"]</arg>
<arg>Bobi</arg>
</arguments>
<msg timestamp="20200226 08:54:01.667" level="INFO">Typing text 'Bobi' into text field '//*[@id="name"]'.</msg>
<status status="PASS" starttime="20200226 08:54:01.667" endtime="20200226 08:54:01.796"></status>
</kw>
<kw name="Input Text" library="SeleniumLibrary">
<doc>Types the given ``text`` into the text field identified by ``locator``.</doc>
<arguments>
<arg>//*[@id="last"]</arg>
<arg>Andreevski</arg>
</arguments>
<msg timestamp="20200226 08:54:01.796" level="INFO">Typing text 'Andreevski' into text field '//*[@id="last"]'.</msg>
<status status="PASS" starttime="20200226 08:54:01.796" endtime="20200226 08:54:01.926"></status>
</kw>
<kw name="Input Text" library="SeleniumLibrary">
<doc>Types the given ``text`` into the text field identified by ``locator``.</doc>
<arguments>
<arg>//*[@id="phone"]</arg>
<arg>0769478222</arg>
</arguments>
<msg timestamp="20200226 08:54:01.927" level="INFO">Typing text '0769478222' into text field '//*[@id="phone"]'.</msg>
<status status="PASS" starttime="20200226 08:54:01.927" endtime="20200226 08:54:02.111"></status>
</kw>
<kw name="Input Text" library="SeleniumLibrary">
<doc>Types the given ``text`` into the text field identified by ``locator``.</doc>
<arguments>
<arg>//*[@id="emailCreate"]</arg>
<arg>bob.andreevski@gmail.com</arg>
</arguments>
<msg timestamp="20200226 08:54:02.112" level="INFO">Typing text 'bob.andreevski@gmail.com' into text field '//*[@id="emailCreate"]'.</msg>
<status status="PASS" starttime="20200226 08:54:02.111" endtime="20200226 08:54:02.364"></status>
</kw>
<kw name="Input Text" library="SeleniumLibrary">
<doc>Types the given ``text`` into the text field identified by ``locator``.</doc>
<arguments>
<arg>//*[@id="confirmEmail"]</arg>
<arg>bob.andreevski@gmail.com</arg>
</arguments>
<msg timestamp="20200226 08:54:02.365" level="INFO">Typing text 'bob.andreevski@gmail.com' into text field '//*[@id="confirmEmail"]'.</msg>
<status status="PASS" starttime="20200226 08:54:02.365" endtime="20200226 08:54:02.643"></status>
</kw>
<kw name="Input Text" library="SeleniumLibrary">
<doc>Types the given ``text`` into the text field identified by ``locator``.</doc>
<arguments>
<arg>//*[@id="passwordCreate"]</arg>
<arg>ithögskolan</arg>
</arguments>
<msg timestamp="20200226 08:54:02.644" level="INFO">Typing text 'ithögskolan' into text field '//*[@id="passwordCreate"]'.</msg>
<status status="PASS" starttime="20200226 08:54:02.643" endtime="20200226 08:54:02.783"></status>
</kw>
<kw name="Input Text" library="SeleniumLibrary">
<doc>Types the given ``text`` into the text field identified by ``locator``.</doc>
<arguments>
<arg>//*[@id="confirmPassword"]</arg>
<arg>ithögskolan</arg>
</arguments>
<msg timestamp="20200226 08:54:02.783" level="INFO">Typing text 'ithögskolan' into text field '//*[@id="confirmPassword"]'.</msg>
<status status="PASS" starttime="20200226 08:54:02.783" endtime="20200226 08:54:02.904"></status>
</kw>
<kw name="Click Element" library="SeleniumLibrary">
<doc>Click the element identified by ``locator``.</doc>
<arguments>
<arg>xpath://*[@id="create"]</arg>
</arguments>
<msg timestamp="20200226 08:54:02.904" level="INFO">Clicking element 'xpath://*[@id="create"]'.</msg>
<status status="PASS" starttime="20200226 08:54:02.904" endtime="20200226 08:54:03.495"></status>
</kw>
<kw name="Wait Until Page Contains" library="SeleniumLibrary">
<doc>Waits until ``text`` appears on the current page.</doc>
<arguments>
<arg>That E-mail is already taken</arg>
</arguments>
<status status="PASS" starttime="20200226 08:54:03.496" endtime="20200226 08:54:03.521"></status>
</kw>
<status status="PASS" starttime="20200226 08:54:01.667" endtime="20200226 08:54:03.522"></status>
</kw>
<kw name="End Web Test" type="teardown">
<kw name="Close Browser" library="SeleniumLibrary">
<doc>Closes the current browser.</doc>
<status status="PASS" starttime="20200226 08:54:03.522" endtime="20200226 08:54:05.719"></status>
</kw>
<status status="PASS" starttime="20200226 08:54:03.522" endtime="20200226 08:54:05.720"></status>
</kw>
<doc>kravet skall Create knappen försöka skapa en andvändare med dem värdena som fylls i</doc>
<tags>
<tag>test3</tag>
</tags>
<status status="PASS" starttime="20200226 08:53:55.439" endtime="20200226 08:54:05.721" critical="yes"></status>
</test>
<test id="s1-s1-t4" name="Testar om Header finns på varje sida">
<kw name="Begin Web Test" type="setup">
<kw name="Open Browser" library="SeleniumLibrary">
<doc>Opens a new browser instance to the optional ``url``.</doc>
<arguments>
<arg>about:blank</arg>
<arg>Chrome</arg>
</arguments>
<msg timestamp="20200226 08:54:05.731" level="INFO">Opening browser 'Chrome' to base url 'about:blank'.</msg>
<status status="PASS" starttime="20200226 08:54:05.731" endtime="20200226 08:54:11.073"></status>
</kw>
<status status="PASS" starttime="20200226 08:54:05.729" endtime="20200226 08:54:11.074"></status>
</kw>
<kw name="Go To Web Page">
<kw name="Load main Page">
<kw name="Go To" library="SeleniumLibrary">
<doc>Navigates the current browser window to the provided ``url``.</doc>
<arguments>
<arg>http://rental18.infotiv.net/webpage/html/gui/index.php</arg>
</arguments>
<msg timestamp="20200226 08:54:11.079" level="INFO">Opening url 'http://rental18.infotiv.net/webpage/html/gui/index.php'</msg>
<status status="PASS" starttime="20200226 08:54:11.078" endtime="20200226 08:54:11.511"></status>
</kw>
<status status="PASS" starttime="20200226 08:54:11.076" endtime="20200226 08:54:11.511"></status>
</kw>
<kw name="Verify Page Loaded">
<kw name="Wait Until Page Contains" library="SeleniumLibrary">
<doc>Waits until ``text`` appears on the current page.</doc>
<arguments>
<arg>Infotiv Car Rental</arg>
</arguments>
<status status="PASS" starttime="20200226 08:54:11.513" endtime="20200226 08:54:11.539"></status>
</kw>
<status status="PASS" starttime="20200226 08:54:11.512" endtime="20200226 08:54:11.540"></status>
</kw>
<status status="PASS" starttime="20200226 08:54:11.075" endtime="20200226 08:54:11.540"></status>
</kw>
<kw name="Verify Header is on page">
<msg timestamp="20200226 08:54:11.551" level="FAIL">No keyword with name 'Verify Header is on page' found.</msg>
<status status="FAIL" starttime="20200226 08:54:11.551" endtime="20200226 08:54:11.551"></status>
</kw>
<kw name="End Web Test" type="teardown">
<kw name="Close Browser" library="SeleniumLibrary">
<doc>Closes the current browser.</doc>
<status status="PASS" starttime="20200226 08:54:11.553" endtime="20200226 08:54:13.743"></status>
</kw>
<status status="PASS" starttime="20200226 08:54:11.552" endtime="20200226 08:54:13.743"></status>
</kw>
<doc>kravet skall Headernm vara synlig på alla sidor.</doc>
<tags>
<tag>test4</tag>
</tags>
<status status="FAIL" starttime="20200226 08:54:05.726" endtime="20200226 08:54:13.743" critical="yes">No keyword with name 'Verify Header is on page' found.</status>
</test>
<doc>Labb3</doc>
<status status="FAIL" starttime="20200226 08:53:37.607" endtime="20200226 08:54:13.746"></status>
</suite>
<status status="FAIL" starttime="20200226 08:53:37.571" endtime="20200226 08:54:13.754"></status>
</suite>
<statistics>
<total>
<stat pass="3" fail="1">Critical Tests</stat>
<stat pass="3" fail="1">All Tests</stat>
</total>
<tag>
<stat pass="1" fail="0">test 1</stat>
<stat pass="1" fail="0">test2</stat>
<stat pass="1" fail="0">test3</stat>
<stat pass="0" fail="1">test4</stat>
</tag>
<suite>
<stat pass="3" fail="1" id="s1" name="Test">Test</stat>
<stat pass="3" fail="1" id="s1-s1" name="Infotiv Car Rental">Test.Infotiv Car Rental</stat>
</suite>
</statistics>
<errors>
</errors>
</robot>
